<?xml version="1.0" encoding="UTF-8"?>
<testsuite name="org.example.yoonoh.springboot.web.dto.HelloResponseDtoTest" tests="1" skipped="0" failures="0" errors="0" timestamp="2022-02-09T07:29:04" hostname="DESKTOP-VH95GDI" time="0.005">
  <properties/>
  <testcase name="롬복_기능_테스트" classname="org.example.yoonoh.springboot.web.dto.HelloResponseDtoTest" time="0.005"/>
  <system-out><![CDATA[]]></system-out>
  <system-err><![CDATA[]]></system-err>
</testsuite>
