<?xml version="1.0" encoding="UTF-8"?>
<testsuite name="org.example.yoonoh.springboot.web.HelloControllerTest" tests="2" skipped="0" failures="0" errors="0" timestamp="2022-02-09T07:29:06" hostname="DESKTOP-VH95GDI" time="0.244">
  <properties/>
  <testcase name="hello가_리턴된다" classname="org.example.yoonoh.springboot.web.HelloControllerTest" time="0.111"/>
  <testcase name="helloDto가_리턴된다" classname="org.example.yoonoh.springboot.web.HelloControllerTest" time="0.132"/>
  <system-out><![CDATA[
  .   ____          _            __ _ _
 /\\ / ___'_ __ _ _(_)_ __  __ _ \ \ \ \
( ( )\___ | '_ | '_| | '_ \/ _` | \ \ \ \
 \\/  ___)| |_)| | | | | || (_| |  ) ) ) )
  '  |____| .__|_| |_|_| |_\__, | / / / /
 =========|_|==============|___/=/_/_/_/
 :: Spring Boot ::        (v2.2.0.RELEASE)

2022-02-09 16:29:04.890  INFO 38260 --- [    Test worker] o.e.y.s.web.HelloControllerTest          : Starting HelloControllerTest on DESKTOP-VH95GDI with PID 38260 (started by xkaka in C:\Users\xkaka\IdeaProjects\freelec-springboot2-webservice\Yoonoh)
2022-02-09 16:29:04.890  INFO 38260 --- [    Test worker] o.e.y.s.web.HelloControllerTest          : The following profiles are active: oauth
2022-02-09 16:29:05.746  INFO 38260 --- [    Test worker] o.s.s.concurrent.ThreadPoolTaskExecutor  : Initializing ExecutorService 'applicationTaskExecutor'
2022-02-09 16:29:05.790  INFO 38260 --- [    Test worker] o.s.b.a.w.s.WelcomePageHandlerMapping    : Adding welcome page template: index
2022-02-09 16:29:06.095  INFO 38260 --- [    Test worker] .s.s.UserDetailsServiceAutoConfiguration : 

Using generated security password: 0c835571-5a38-43c0-95d4-ee610f4846f9

2022-02-09 16:29:06.317  INFO 38260 --- [    Test worker] o.s.s.web.DefaultSecurityFilterChain     : Creating filter chain: any request, [org.springframework.security.web.context.request.async.WebAsyncManagerIntegrationFilter@58bf29fc, org.springframework.security.web.context.SecurityContextPersistenceFilter@1d6e123d, org.springframework.security.web.header.HeaderWriterFilter@5ab8be43, org.springframework.security.web.csrf.CsrfFilter@a087a7d, org.springframework.security.web.authentication.logout.LogoutFilter@2c1c2718, org.springframework.security.web.authentication.UsernamePasswordAuthenticationFilter@203128b8, org.springframework.security.web.authentication.ui.DefaultLoginPageGeneratingFilter@1efe24de, org.springframework.security.web.authentication.ui.DefaultLogoutPageGeneratingFilter@70d5a3f3, org.springframework.security.web.authentication.www.BasicAuthenticationFilter@64e1b9, org.springframework.security.web.savedrequest.RequestCacheAwareFilter@4522b21e, org.springframework.security.web.servletapi.SecurityContextHolderAwareRequestFilter@5a77465f, org.springframework.security.web.authentication.AnonymousAuthenticationFilter@579bfd79, org.springframework.security.web.session.SessionManagementFilter@132aecfb, org.springframework.security.web.access.ExceptionTranslationFilter@1769ffb9, org.springframework.security.web.access.intercept.FilterSecurityInterceptor@3c8b2b54]
2022-02-09 16:29:06.399  INFO 38260 --- [    Test worker] o.s.b.t.m.w.SpringBootMockServletContext : Initializing Spring TestDispatcherServlet ''
2022-02-09 16:29:06.400  INFO 38260 --- [    Test worker] o.s.t.web.servlet.TestDispatcherServlet  : Initializing Servlet ''
2022-02-09 16:29:06.421  INFO 38260 --- [    Test worker] o.s.t.web.servlet.TestDispatcherServlet  : Completed initialization in 21 ms
2022-02-09 16:29:06.441  INFO 38260 --- [    Test worker] o.e.y.s.web.HelloControllerTest          : Started HelloControllerTest in 1.649 seconds (JVM running for 13.846)
]]></system-out>
  <system-err><![CDATA[]]></system-err>
</testsuite>
